<?xml version="1.0" encoding="UTF-8" ?>
<testsuite tests="44" failures="0" name="com.KwanzooTestSuit.SanityTestRunner" time="0.023" errors="0" skipped="0">
  <properties>
    <property name="java.runtime.name" value="Java(TM) SE Runtime Environment"/>
    <property name="sun.boot.library.path" value="C:\Program Files\Java\jre1.8.0_151\bin"/>
    <property name="java.vm.version" value="25.151-b12"/>
    <property name="java.vm.vendor" value="Oracle Corporation"/>
    <property name="maven.multiModuleProjectDirectory" value="C:\Users\GS-1455\Kwanzoo\Kwanzoo_Automation_Workspace\Kwanzoo_ImpressionTest"/>
    <property name="java.vendor.url" value="http://java.oracle.com/"/>
    <property name="path.separator" value=";"/>
    <property name="guice.disable.misplaced.annotation.check" value="true"/>
    <property name="java.vm.name" value="Java HotSpot(TM) 64-Bit Server VM"/>
    <property name="file.encoding.pkg" value="sun.io"/>
    <property name="user.script" value=""/>
    <property name="user.country" value="US"/>
    <property name="sun.java.launcher" value="SUN_STANDARD"/>
    <property name="sun.os.patch.level" value="Service Pack 1"/>
    <property name="test" value="com.KwanzooTestSuit.SanityTestRunner"/>
    <property name="java.vm.specification.name" value="Java Virtual Machine Specification"/>
    <property name="user.dir" value="C:\Users\GS-1455\Kwanzoo\Kwanzoo_Automation_Workspace\Kwanzoo_ImpressionTest"/>
    <property name="java.runtime.version" value="1.8.0_151-b12"/>
    <property name="java.awt.graphicsenv" value="sun.awt.Win32GraphicsEnvironment"/>
    <property name="java.endorsed.dirs" value="C:\Program Files\Java\jre1.8.0_151\lib\endorsed"/>
    <property name="os.arch" value="amd64"/>
    <property name="java.io.tmpdir" value="C:\Users\GS-1455\AppData\Local\Temp\"/>
    <property name="line.separator" value="
"/>
    <property name="java.vm.specification.vendor" value="Oracle Corporation"/>
    <property name="user.variant" value=""/>
    <property name="os.name" value="Windows 7"/>
    <property name="classworlds.conf" value="C:\Program Files (x86)\apache-maven-3.3.9\bin\..\bin\m2.conf"/>
    <property name="sun.jnu.encoding" value="Cp1252"/>
    <property name="java.library.path" value="C:\Program Files\Java\jre1.8.0_151\bin;C:\Windows\Sun\Java\bin;C:\Windows\system32;C:\Windows;C:\Program Files\Java\jre1.8.0_151\bin;C:\Program Files (x86)\Google\Chrome\Application;C:\ProgramData\Oracle\Java\javapath;C:\Program Files (x86)\Intel\iCLS Client\;C:\Program Files\Intel\iCLS Client\;C:\Windows\system32;C:\Windows;C:\Windows\System32\Wbem;C:\Windows\System32\WindowsPowerShell\v1.0\;C:\Program Files\Intel\Intel(R) Management Engine Components\DAL;C:\Program Files (x86)\Intel\Intel(R) Management Engine Components\DAL;C:\Program Files\Intel\Intel(R) Management Engine Components\IPT;C:\Program Files (x86)\Intel\Intel(R) Management Engine Components\IPT;C:\Program Files (x86)\Common Files\Lenovo;C:\Program Files (x86)\Common Files\lenovo\easyplussdk\bin;C:\ProgramData\Lenovo\ReadyApps;C:\Program Files (x86)\Lenovo\Password Manager\;C:\Program Files (x86)\Lenovo\Access Connections\;C:\Program Files\Intel\WiFi\bin\;C:\Program Files\Common Files\Intel\WirelessCommon\;C:\Program Files (x86)\apache-maven-3.3.9\bin;C:\Program Files\Java\jre1.8.0_151\bin;C:\PHP;C:\arcanist\bin;&quot;C:\Program Files\Java\jre1.8.0_151\bin&quot;;."/>
    <property name="java.specification.name" value="Java Platform API Specification"/>
    <property name="java.class.version" value="52.0"/>
    <property name="sun.management.compiler" value="HotSpot 64-Bit Tiered Compilers"/>
    <property name="os.version" value="6.1"/>
    <property name="user.home" value="C:\Users\GS-1455"/>
    <property name="user.timezone" value="Asia/Calcutta"/>
    <property name="java.awt.printerjob" value="sun.awt.windows.WPrinterJob"/>
    <property name="java.specification.version" value="1.8"/>
    <property name="file.encoding" value="Cp1252"/>
    <property name="user.name" value="GS-1455"/>
    <property name="java.class.path" value="C:\Program Files (x86)\apache-maven-3.3.9\bin\..\boot\plexus-classworlds-2.5.2.jar"/>
    <property name="java.vm.specification.version" value="1.8"/>
    <property name="sun.arch.data.model" value="64"/>
    <property name="java.home" value="C:\Program Files\Java\jre1.8.0_151"/>
    <property name="sun.java.command" value="org.codehaus.plexus.classworlds.launcher.Launcher -Dtest=com.KwanzooTestSuit.SanityTestRunner test"/>
    <property name="java.specification.vendor" value="Oracle Corporation"/>
    <property name="user.language" value="en"/>
    <property name="awt.toolkit" value="sun.awt.windows.WToolkit"/>
    <property name="java.vm.info" value="mixed mode"/>
    <property name="java.version" value="1.8.0_151"/>
    <property name="java.ext.dirs" value="C:\Program Files\Java\jre1.8.0_151\lib\ext;C:\Windows\Sun\Java\lib\ext"/>
    <property name="sun.boot.class.path" value="C:\Program Files\Java\jre1.8.0_151\lib\resources.jar;C:\Program Files\Java\jre1.8.0_151\lib\rt.jar;C:\Program Files\Java\jre1.8.0_151\lib\sunrsasign.jar;C:\Program Files\Java\jre1.8.0_151\lib\jsse.jar;C:\Program Files\Java\jre1.8.0_151\lib\jce.jar;C:\Program Files\Java\jre1.8.0_151\lib\charsets.jar;C:\Program Files\Java\jre1.8.0_151\lib\jfr.jar;C:\Program Files\Java\jre1.8.0_151\classes"/>
    <property name="java.vendor" value="Oracle Corporation"/>
    <property name="maven.home" value="C:\Program Files (x86)\apache-maven-3.3.9\bin\.."/>
    <property name="file.separator" value="\"/>
    <property name="java.vendor.url.bug" value="http://bugreport.sun.com/bugreport/"/>
    <property name="sun.cpu.endian" value="little"/>
    <property name="sun.io.unicode.encoding" value="UnicodeLittle"/>
    <property name="sun.desktop" value="windows"/>
    <property name="sun.cpu.isalist" value="amd64"/>
  </properties>
  <testcase classname="Scenario: Create a new Banner and Load it." name="Given I have to login to Kwanzoo site" time="0.003"/>
  <testcase classname="Scenario: Create a new Banner and Load it." name="When I go to My campaign page" time="0"/>
  <testcase classname="Scenario: Create a new Banner and Load it." name="And Select Smart banner option and Click on customize campaign" time="0"/>
  <testcase classname="Scenario: Create a new Banner and Load it." name="Then I create new banner" time="0"/>
  <testcase classname="Scenario: Create a new Banner and Load it." name="And I save Banner Widget" time="0"/>
  <testcase classname="Scenario: Create a new Banner and Load it." name="And I go to Run Campaign Page and Activate the Banner" time="0"/>
  <testcase classname="Scenario: Create a new Banner and Load it." name="Scenario: Create a new Banner and Load it." time="0"/>
  <testcase classname="Scenario: Creat and Load LeadformCCP" name="Given I have to login to Kwanzoo" time="0"/>
  <testcase classname="Scenario: Creat and Load LeadformCCP" name="When I create new campaign" time="0"/>
  <testcase classname="Scenario: Creat and Load LeadformCCP" name="And Select smart lead form option and Click on customize campaign" time="0"/>
  <testcase classname="Scenario: Creat and Load LeadformCCP" name="Then I create new lead form" time="0.001"/>
  <testcase classname="Scenario: Creat and Load LeadformCCP" name="And I save lead form settings" time="0"/>
  <testcase classname="Scenario: Creat and Load LeadformCCP" name="And I go to Run Campaign Page and Activate the Campaign" time="0"/>
  <testcase classname="Scenario: Creat and Load LeadformCCP" name="And I load campaign." time="0"/>
  <testcase classname="Scenario: Creat and Load LeadformCCP" name="Scenario: Creat and Load LeadformCCP" time="0"/>
  <testcase classname="Scenario: Create and load lead form with Eloqua" name="Given I have logged in to kwanzoo for eloqua" time="0"/>
  <testcase classname="Scenario: Create and load lead form with Eloqua" name="When I go to Template create Page for eloqua" time="0"/>
  <testcase classname="Scenario: Create and load lead form with Eloqua" name="Then I create a Leadform for eloqua" time="0.001"/>
  <testcase classname="Scenario: Create and load lead form with Eloqua" name="And I save Leadform Widget for eloqua" time="0"/>
  <testcase classname="Scenario: Create and load lead form with Eloqua" name="And I go to Run Campaign Page and Activate the Leadform for eloqua" time="0"/>
  <testcase classname="Scenario: Create and load lead form with Eloqua" name="Scenario: Create and load lead form with Eloqua" time="0.015"/>
  <testcase classname="Scenario: Create and load lead form with Email" name="Given I have logged in to kwanzoo for email" time="0"/>
  <testcase classname="Scenario: Create and load lead form with Email" name="When I go to Template create Page for email" time="0"/>
  <testcase classname="Scenario: Create and load lead form with Email" name="Then I create a Leadform for email" time="0"/>
  <testcase classname="Scenario: Create and load lead form with Email" name="And I save Leadform Widget for email" time="0"/>
  <testcase classname="Scenario: Create and load lead form with Email" name="Scenario: Create and load lead form with Email" time="0"/>
  <testcase classname="Scenario: Create and Load for with Marketo" name="Given I have logged in to kwanzoo for marketo" time="0"/>
  <testcase classname="Scenario: Create and Load for with Marketo" name="When I go to Template create Page for marketo" time="0"/>
  <testcase classname="Scenario: Create and Load for with Marketo" name="Then I create a Leadform for marketo" time="0"/>
  <testcase classname="Scenario: Create and Load for with Marketo" name="And I save Leadform Widget for marketo" time="0"/>
  <testcase classname="Scenario: Create and Load for with Marketo" name="And I go to Run Campaign Page and Activate the Leadform for marketo" time="0"/>
  <testcase classname="Scenario: Create and Load for with Marketo" name="Scenario: Create and Load for with Marketo" time="0.001"/>
  <testcase classname="Scenario: Create and load lead form with Post to Landing Page" name="Given I have logged in to kwanzoo for Post to Landing Page" time="0"/>
  <testcase classname="Scenario: Create and load lead form with Post to Landing Page" name="When I go to Template create Page for Post to Landing Page" time="0"/>
  <testcase classname="Scenario: Create and load lead form with Post to Landing Page" name="Then I create a Leadform for Post to Landing Page" time="0"/>
  <testcase classname="Scenario: Create and load lead form with Post to Landing Page" name="And I save Leadform Widget for Post to Landing Page" time="0"/>
  <testcase classname="Scenario: Create and load lead form with Post to Landing Page" name="And I go to Run Campaign Page and Activate the Leadform for Post to Landing Page" time="0"/>
  <testcase classname="Scenario: Create and load lead form with Post to Landing Page" name="Scenario: Create and load lead form with Post to Landing Page" time="0.001"/>
  <testcase classname="Scenario: Create and load lead form with Silverpop" name="Given I have logged in to kwanzoo for silverpop" time="0"/>
  <testcase classname="Scenario: Create and load lead form with Silverpop" name="When I go to Template create Page for silverpop" time="0"/>
  <testcase classname="Scenario: Create and load lead form with Silverpop" name="Then I create a Leadform for silverpop" time="0"/>
  <testcase classname="Scenario: Create and load lead form with Silverpop" name="And I save Leadform Widget for silverpop" time="0"/>
  <testcase classname="Scenario: Create and load lead form with Silverpop" name="And I go to Run Campaign Page and Activate the Leadform for silverpop" time="0"/>
  <testcase classname="Scenario: Create and load lead form with Silverpop" name="Scenario: Create and load lead form with Silverpop" time="0.001"/>
</testsuite>